<?xml version="1.0" encoding="UTF-8"?>
<!-- Generated by org.testng.reporters.JUnitXMLReporter -->
<testsuite ignored="0" hostname="EPINHYDW0BFB" failures="1" tests="1" name="Default test" time="10.556" errors="0" timestamp="2022-09-11T15:21:24 IST">
  <testcase classname="io.cucumber.testng.AbstractTestNGCucumberTests" name="runScenario" time="7.636">
    <failure type="java.lang.NullPointerException" message="Cannot invoke &amp;quot;org.openqa.selenium.WebElement.isDisplayed()&amp;quot; because &amp;quot;this.homePage&amp;quot; is null">
      <![CDATA[java.lang.NullPointerException: Cannot invoke "org.openqa.selenium.WebElement.isDisplayed()" because "this.homePage" is null
at com.epam.pom.HomePage.homePageShouldBevisible(HomePage.java:15)
at stepdefinitions.FaceBookStepDef.see_home_page(FaceBookStepDef.java:48)
at ✽.I want to see the home page(file:///C:/Users/Madhavi_Akula/publicgit/codepractice/src/test/resources/features/p.feature:13)
]]>
    </failure>
  </testcase> <!-- runScenario -->
</testsuite> <!-- Default test -->
