<?xml version="1.0" encoding="UTF-8"?>
<!-- Generated by org.testng.reporters.JUnitXMLReporter -->
<testsuite ignored="2" hostname="EPINHYDW0BFB" failures="0" tests="1" name="Default test" time="5.606" errors="0" timestamp="2022-08-26T18:20:03 IST">
  <testcase classname="jenkins.Action" name="MoveToElement" time="5.562"/>
  <testcase classname="jenkins.Action" name="DragnDrop" time="0.0">
    <ignored/>
  </testcase> <!-- DragnDrop -->
  <testcase classname="jenkins.Action" name="doubleClick" time="0.0">
    <ignored/>
  </testcase> <!-- doubleClick -->
</testsuite> <!-- Default test -->
