<?xml version="1.0" encoding="UTF-8"?>
<testng-results ignored="2" total="3" passed="1" failed="0" skipped="0">
  <reporter-output>
  </reporter-output>
  <suite started-at="2022-08-26T18:19:58 IST" name="Default suite" finished-at="2022-08-26T18:20:03 IST" duration-ms="5606">
    <groups>
    </groups>
    <test started-at="2022-08-26T18:19:58 IST" name="Default test" finished-at="2022-08-26T18:20:03 IST" duration-ms="5606">
      <class name="jenkins.Action">
        <test-method signature="MoveToElement()[pri:0, instance:jenkins.Action@5ffead27]" started-at="2022-08-26T18:19:58 IST" name="MoveToElement" finished-at="2022-08-26T18:20:03 IST" duration-ms="5562" status="PASS">
          <reporter-output>
          </reporter-output>
        </test-method> <!-- MoveToElement -->
      </class> <!-- jenkins.Action -->
    </test> <!-- Default test -->
  </suite> <!-- Default suite -->
</testng-results>
