<?xml version="1.0" encoding="UTF-8"?>
<!-- Generated by org.testng.reporters.JUnitReportReporter -->
<testsuite hostname="EPINHYDW0BFB" failures="0" tests="1" name="cucumber.Runner" time="7.636" errors="1" timestamp="2022-09-11T15:21:24 IST" skipped="0">
  <testcase classname="cucumber.Runner" name="runScenario" time="7.636">
    <error message="Cannot invoke &quot;org.openqa.selenium.WebElement.isDisplayed()&quot; because &quot;this.homePage&quot; is null" type="java.lang.NullPointerException">
      <![CDATA[java.lang.NullPointerException: Cannot invoke "org.openqa.selenium.WebElement.isDisplayed()" because "this.homePage" is null
at com.epam.pom.HomePage.homePageShouldBevisible(HomePage.java:15)
at stepdefinitions.FaceBookStepDef.see_home_page(FaceBookStepDef.java:48)
at ✽.I want to see the home page(file:///C:/Users/Madhavi_Akula/publicgit/codepractice/src/test/resources/features/p.feature:13)
]]>
    </error>
  </testcase> <!-- runScenario -->
  <system-out/>
</testsuite> <!-- cucumber.Runner -->
